demos/main/buildout/outputs/logs/manifest-merger-noDecoderExtensions-debug-report.txt
-- Merging decision tree log ---
manifest
ADDED from src/main/AndroidManifest.xml:17:1-101:12
INJECTED from src/main/AndroidManifest.xml:17:1-101:12
INJECTED from src/main/AndroidManifest.xml:17:1-101:12
INJECTED from src/main/AndroidManifest.xml:17:1-101:12
MERGED from [com.google.android.material:material:1.4.0] AndroidManifest.xml:17:1-24:12
MERGED from [androidx.constraintlayout:constraintlayout:2.0.1] AndroidManifest.xml:2:1-11:12
MERGED from [:library-dash] AndroidManifest.xml:17:1-24:12
MERGED from [:library-hls] AndroidManifest.xml:17:1-24:12
MERGED from [:library-rtsp] AndroidManifest.xml:17:1-24:12
MERGED from [:library-smoothstreaming] AndroidManifest.xml:17:1-24:12
MERGED from [:library-ui] AndroidManifest.xml:17:1-24:12
MERGED from [:extension-ima] AndroidManifest.xml:17:1-33:12
MERGED from [:library-core] AndroidManifest.xml:17:1-28:12
MERGED from [com.sigma.packer:sigma-packer:1.0.0] AndroidManifest.xml:2:1-11:12
MERGED from [androidx.preference:preference:1.1.1] AndroidManifest.xml:17:1-24:12
MERGED from [androidx.appcompat:appcompat:1.3.1] AndroidManifest.xml:17:1-24:12
MERGED from [:extension-cronet] AndroidManifest.xml:17:1-26:12
MERGED from [androidx.cursoradapter:cursoradapter:1.0.0] AndroidManifest.xml:17:1-22:12
MERGED from [androidx.viewpager2:viewpager2:1.0.0] AndroidManifest.xml:17:1-24:12
MERGED from [com.google.android.gms:play-services-cronet:18.0.1] AndroidManifest.xml:2:1-9:12
MERGED from [com.google.android.gms:play-services-appset:16.0.2] AndroidManifest.xml:2:1-9:12
MERGED from [com.google.android.gms:play-services-base:18.0.1] AndroidManifest.xml:16:1-24:12
MERGED from [com.google.android.gms:play-services-tasks:18.0.1] AndroidManifest.xml:2:1-6:12
MERGED from [com.google.android.gms:play-services-ads-identifier:18.0.1] AndroidManifest.xml:17:1-27:12
MERGED from [com.google.android.gms:play-services-basement:18.0.0] AndroidManifest.xml:16:1-26:12
MERGED from [androidx.fragment:fragment:1.3.6] AndroidManifest.xml:17:1-24:12
MERGED from [androidx.activity:activity:1.2.4] AndroidManifest.xml:17:1-24:12
MERGED from [androidx.appcompat:appcompat-resources:1.3.1] AndroidManifest.xml:17:1-24:12
MERGED from [androidx.drawerlayout:drawerlayout:1.0.0] AndroidManifest.xml:17:1-22:12
MERGED from [androidx.lifecycle:lifecycle-viewmodel-savedstate:2.3.1] AndroidManifest.xml:17:1-24:12
MERGED from [androidx.savedstate:savedstate:1.1.0] AndroidManifest.xml:17:1-24:12
MERGED from [androidx.coordinatorlayout:coordinatorlayout:1.1.0] AndroidManifest.xml:17:1-24:12
MERGED from [androidx.dynamicanimation:dynamicanimation:1.0.0] AndroidManifest.xml:17:1-22:12
MERGED from [androidx.transition:transition:1.2.0] AndroidManifest.xml:17:1-24:12
MERGED from [androidx.vectordrawable:vectordrawable-animated:1.1.0] AndroidManifest.xml:17:1-24:12
MERGED from [androidx.vectordrawable:vectordrawable:1.1.0] AndroidManifest.xml:17:1-24:12
MERGED from [androidx.recyclerview:recyclerview:1.2.1] AndroidManifest.xml:17:1-24:12
MERGED from [androidx.media:media:1.4.3] AndroidManifest.xml:17:1-24:12
MERGED from [androidx.viewpager:viewpager:1.0.0] AndroidManifest.xml:17:1-22:12
MERGED from [androidx.legacy:legacy-support-core-utils:1.0.0] AndroidManifest.xml:17:1-22:12
MERGED from [androidx.loader:loader:1.0.0] AndroidManifest.xml:17:1-22:12
MERGED from [androidx.customview:customview:1.0.0] AndroidManifest.xml:17:1-22:12
MERGED from [androidx.browser:browser:1.4.0] AndroidManifest.xml:17:1-24:12
MERGED from [androidx.core:core:1.7.0] AndroidManifest.xml:17:1-26:12
MERGED from [androidx.lifecycle:lifecycle-runtime:2.3.1] AndroidManifest.xml:17:1-24:12
MERGED from [androidx.lifecycle:lifecycle-viewmodel:2.3.1] AndroidManifest.xml:17:1-24:12
MERGED from [androidx.cardview:cardview:1.0.0] AndroidManifest.xml:17:1-22:12
MERGED from [:library-datasource] AndroidManifest.xml:17:1-24:12
MERGED from [:library-extractor] AndroidManifest.xml:17:1-24:12
MERGED from [:library-decoder] AndroidManifest.xml:17:1-24:12
MERGED from [:library-database] AndroidManifest.xml:17:1-24:12
MERGED from [:library-common] AndroidManifest.xml:17:1-26:12
MERGED from [androidx.tracing:tracing:1.0.0] AndroidManifest.xml:17:1-24:12
MERGED from [androidx.versionedparcelable:versionedparcelable:1.1.1] AndroidManifest.xml:17:1-27:12
MERGED from [androidx.lifecycle:lifecycle-livedata:2.0.0] AndroidManifest.xml:17:1-22:12
MERGED from [androidx.lifecycle:lifecycle-livedata-core:2.3.1] AndroidManifest.xml:17:1-24:12
MERGED from [androidx.arch.core:core-runtime:2.1.0] AndroidManifest.xml:17:1-24:12
MERGED from [androidx.interpolator:interpolator:1.0.0] AndroidManifest.xml:17:1-22:12
MERGED from [androidx.documentfile:documentfile:1.0.0] AndroidManifest.xml:17:1-22:12
MERGED from [androidx.localbroadcastmanager:localbroadcastmanager:1.0.0] AndroidManifest.xml:17:1-22:12
MERGED from [androidx.print:print:1.0.0] AndroidManifest.xml:17:1-22:12
MERGED from [androidx.multidex:multidex:2.0.1] AndroidManifest.xml:17:1-22:12
MERGED from [androidx.annotation:annotation-experimental:1.1.0] AndroidManifest.xml:17:1-24:12
MERGED from [org.chromium.net:cronet-api:72.3626.96] AndroidManifest.xml:15:1-22:12
INJECTED from src/main/AndroidManifest.xml:17:1-101:12
INJECTED from src/main/AndroidManifest.xml:17:1-101:12
INJECTED from src/main/AndroidManifest.xml:17:1-101:12
	package
		ADDED from src/main/AndroidManifest.xml:19:5-49
		INJECTED from src/main/AndroidManifest.xml
		INJECTED from src/main/AndroidManifest.xml
	android:versionName
		INJECTED from src/main/AndroidManifest.xml
		ADDED from src/main/AndroidManifest.xml:17:1-101:12
		INJECTED from src/main/AndroidManifest.xml
	xmlns:tools
		ADDED from src/main/AndroidManifest.xml:18:5-51
	android:versionCode
		INJECTED from src/main/AndroidManifest.xml
		ADDED from src/main/AndroidManifest.xml:17:1-101:12
		INJECTED from src/main/AndroidManifest.xml
	xmlns:android
		ADDED from src/main/AndroidManifest.xml:17:11-69
uses-permission#android.permission.INTERNET
ADDED from src/main/AndroidManifest.xml:21:3-64
MERGED from [org.chromium.net:cronet-api:72.3626.96] AndroidManifest.xml:19:5-66
MERGED from [org.chromium.net:cronet-api:72.3626.96] AndroidManifest.xml:19:5-66
	android:name
		ADDED from src/main/AndroidManifest.xml:21:20-62
uses-permission#android.permission.ACCESS_NETWORK_STATE
ADDED from src/main/AndroidManifest.xml:22:3-76
MERGED from [:library-core] AndroidManifest.xml:26:5-79
MERGED from [:library-core] AndroidManifest.xml:26:5-79
MERGED from [:extension-cronet] AndroidManifest.xml:24:5-79
MERGED from [:extension-cronet] AndroidManifest.xml:24:5-79
MERGED from [:library-common] AndroidManifest.xml:24:5-79
MERGED from [:library-common] AndroidManifest.xml:24:5-79
MERGED from [org.chromium.net:cronet-api:72.3626.96] AndroidManifest.xml:20:5-78
MERGED from [org.chromium.net:cronet-api:72.3626.96] AndroidManifest.xml:20:5-78
	android:name
		ADDED from src/main/AndroidManifest.xml:22:20-74
uses-permission#android.permission.READ_EXTERNAL_STORAGE
ADDED from src/main/AndroidManifest.xml:23:3-77
	android:name
		ADDED from src/main/AndroidManifest.xml:23:20-75
uses-permission#android.permission.RECEIVE_BOOT_COMPLETED
ADDED from src/main/AndroidManifest.xml:24:3-78
	android:name
		ADDED from src/main/AndroidManifest.xml:24:20-76
uses-permission#android.permission.FOREGROUND_SERVICE
ADDED from src/main/AndroidManifest.xml:25:3-74
	android:name
		ADDED from src/main/AndroidManifest.xml:25:20-72
uses-feature#android.software.leanback
ADDED from src/main/AndroidManifest.xml:27:3-84
	android:required
		ADDED from src/main/AndroidManifest.xml:27:58-82
	android:name
		ADDED from src/main/AndroidManifest.xml:27:17-57
uses-feature#android.hardware.touchscreen
ADDED from src/main/AndroidManifest.xml:28:3-87
	android:required
		ADDED from src/main/AndroidManifest.xml:28:61-85
	android:name
		ADDED from src/main/AndroidManifest.xml:28:17-60
uses-sdk
ADDED from src/main/AndroidManifest.xml:29:3-14
INJECTED from src/main/AndroidManifest.xml:29:3-14
INJECTED from src/main/AndroidManifest.xml:29:3-14
MERGED from [com.google.android.material:material:1.4.0] AndroidManifest.xml:20:5-44
MERGED from [com.google.android.material:material:1.4.0] AndroidManifest.xml:20:5-44
MERGED from [androidx.constraintlayout:constraintlayout:2.0.1] AndroidManifest.xml:5:5-7:41
MERGED from [androidx.constraintlayout:constraintlayout:2.0.1] AndroidManifest.xml:5:5-7:41
MERGED from [:library-dash] AndroidManifest.xml:20:5-22:41
MERGED from [:library-dash] AndroidManifest.xml:20:5-22:41
MERGED from [:library-hls] AndroidManifest.xml:20:5-22:41
MERGED from [:library-hls] AndroidManifest.xml:20:5-22:41
MERGED from [:library-rtsp] AndroidManifest.xml:20:5-22:41
MERGED from [:library-rtsp] AndroidManifest.xml:20:5-22:41
MERGED from [:library-smoothstreaming] AndroidManifest.xml:20:5-22:41
MERGED from [:library-smoothstreaming] AndroidManifest.xml:20:5-22:41
MERGED from [:library-ui] AndroidManifest.xml:20:5-22:41
MERGED from [:library-ui] AndroidManifest.xml:20:5-22:41
MERGED from [:extension-ima] AndroidManifest.xml:20:5-22:41
MERGED from [:extension-ima] AndroidManifest.xml:20:5-22:41
MERGED from [:library-core] AndroidManifest.xml:21:5-24:52
MERGED from [:library-core] AndroidManifest.xml:21:5-24:52
MERGED from [com.sigma.packer:sigma-packer:1.0.0] AndroidManifest.xml:7:5-9:41
MERGED from [com.sigma.packer:sigma-packer:1.0.0] AndroidManifest.xml:7:5-9:41
MERGED from [androidx.preference:preference:1.1.1] AndroidManifest.xml:20:5-22:41
MERGED from [androidx.preference:preference:1.1.1] AndroidManifest.xml:20:5-22:41
MERGED from [androidx.appcompat:appcompat:1.3.1] AndroidManifest.xml:20:5-22:41
MERGED from [androidx.appcompat:appcompat:1.3.1] AndroidManifest.xml:20:5-22:41
MERGED from [:extension-cronet] AndroidManifest.xml:20:5-22:41
MERGED from [:extension-cronet] AndroidManifest.xml:20:5-22:41
MERGED from [androidx.cursoradapter:cursoradapter:1.0.0] AndroidManifest.xml:20:5-44
MERGED from [androidx.cursoradapter:cursoradapter:1.0.0] AndroidManifest.xml:20:5-44
MERGED from [androidx.viewpager2:viewpager2:1.0.0] AndroidManifest.xml:20:5-22:41
MERGED from [androidx.viewpager2:viewpager2:1.0.0] AndroidManifest.xml:20:5-22:41
MERGED from [com.google.android.gms:play-services-cronet:18.0.1] AndroidManifest.xml:5:5-44
MERGED from [com.google.android.gms:play-services-cronet:18.0.1] AndroidManifest.xml:5:5-44
MERGED from [com.google.android.gms:play-services-appset:16.0.2] AndroidManifest.xml:5:5-44
MERGED from [com.google.android.gms:play-services-appset:16.0.2] AndroidManifest.xml:5:5-44
MERGED from [com.google.android.gms:play-services-base:18.0.1] AndroidManifest.xml:18:5-43
MERGED from [com.google.android.gms:play-services-base:18.0.1] AndroidManifest.xml:18:5-43
MERGED from [com.google.android.gms:play-services-tasks:18.0.1] AndroidManifest.xml:4:5-43
MERGED from [com.google.android.gms:play-services-tasks:18.0.1] AndroidManifest.xml:4:5-43
MERGED from [com.google.android.gms:play-services-ads-identifier:18.0.1] AndroidManifest.xml:20:5-44
MERGED from [com.google.android.gms:play-services-ads-identifier:18.0.1] AndroidManifest.xml:20:5-44
MERGED from [com.google.android.gms:play-services-basement:18.0.0] AndroidManifest.xml:18:5-43
MERGED from [com.google.android.gms:play-services-basement:18.0.0] AndroidManifest.xml:18:5-43
MERGED from [androidx.fragment:fragment:1.3.6] AndroidManifest.xml:20:5-22:41
MERGED from [androidx.fragment:fragment:1.3.6] AndroidManifest.xml:20:5-22:41
MERGED from [androidx.activity:activity:1.2.4] AndroidManifest.xml:20:5-22:41
MERGED from [androidx.activity:activity:1.2.4] AndroidManifest.xml:20:5-22:41
MERGED from [androidx.appcompat:appcompat-resources:1.3.1] AndroidManifest.xml:20:5-22:41
MERGED from [androidx.appcompat:appcompat-resources:1.3.1] AndroidManifest.xml:20:5-22:41
MERGED from [androidx.drawerlayout:drawerlayout:1.0.0] AndroidManifest.xml:20:5-44
MERGED from [androidx.drawerlayout:drawerlayout:1.0.0] AndroidManifest.xml:20:5-44
MERGED from [androidx.lifecycle:lifecycle-viewmodel-savedstate:2.3.1] AndroidManifest.xml:20:5-22:41
MERGED from [androidx.lifecycle:lifecycle-viewmodel-savedstate:2.3.1] AndroidManifest.xml:20:5-22:41
MERGED from [androidx.savedstate:savedstate:1.1.0] AndroidManifest.xml:20:5-22:41
MERGED from [androidx.savedstate:savedstate:1.1.0] AndroidManifest.xml:20:5-22:41
MERGED from [androidx.coordinatorlayout:coordinatorlayout:1.1.0] AndroidManifest.xml:20:5-22:41
MERGED from [androidx.coordinatorlayout:coordinatorlayout:1.1.0] AndroidManifest.xml:20:5-22:41
MERGED from [androidx.dynamicanimation:dynamicanimation:1.0.0] AndroidManifest.xml:20:5-44
MERGED from [androidx.dynamicanimation:dynamicanimation:1.0.0] AndroidManifest.xml:20:5-44
MERGED from [androidx.transition:transition:1.2.0] AndroidManifest.xml:20:5-22:41
MERGED from [androidx.transition:transition:1.2.0] AndroidManifest.xml:20:5-22:41
MERGED from [androidx.vectordrawable:vectordrawable-animated:1.1.0] AndroidManifest.xml:20:5-22:41
MERGED from [androidx.vectordrawable:vectordrawable-animated:1.1.0] AndroidManifest.xml:20:5-22:41
MERGED from [androidx.vectordrawable:vectordrawable:1.1.0] AndroidManifest.xml:20:5-22:41
MERGED from [androidx.vectordrawable:vectordrawable:1.1.0] AndroidManifest.xml:20:5-22:41
MERGED from [androidx.recyclerview:recyclerview:1.2.1] AndroidManifest.xml:20:5-22:41
MERGED from [androidx.recyclerview:recyclerview:1.2.1] AndroidManifest.xml:20:5-22:41
MERGED from [androidx.media:media:1.4.3] AndroidManifest.xml:20:5-22:41
MERGED from [androidx.media:media:1.4.3] AndroidManifest.xml:20:5-22:41
MERGED from [androidx.viewpager:viewpager:1.0.0] AndroidManifest.xml:20:5-44
MERGED from [androidx.viewpager:viewpager:1.0.0] AndroidManifest.xml:20:5-44
MERGED from [androidx.legacy:legacy-support-core-utils:1.0.0] AndroidManifest.xml:20:5-44
MERGED from [androidx.legacy:legacy-support-core-utils:1.0.0] AndroidManifest.xml:20:5-44
MERGED from [androidx.loader:loader:1.0.0] AndroidManifest.xml:20:5-44
MERGED from [androidx.loader:loader:1.0.0] AndroidManifest.xml:20:5-44
MERGED from [androidx.customview:customview:1.0.0] AndroidManifest.xml:20:5-44
MERGED from [androidx.customview:customview:1.0.0] AndroidManifest.xml:20:5-44
MERGED from [androidx.browser:browser:1.4.0] AndroidManifest.xml:20:5-22:41
MERGED from [androidx.browser:browser:1.4.0] AndroidManifest.xml:20:5-22:41
MERGED from [androidx.core:core:1.7.0] AndroidManifest.xml:20:5-22:41
MERGED from [androidx.core:core:1.7.0] AndroidManifest.xml:20:5-22:41
MERGED from [androidx.lifecycle:lifecycle-runtime:2.3.1] AndroidManifest.xml:20:5-22:41
MERGED from [androidx.lifecycle:lifecycle-runtime:2.3.1] AndroidManifest.xml:20:5-22:41
MERGED from [androidx.lifecycle:lifecycle-viewmodel:2.3.1] AndroidManifest.xml:20:5-22:41
MERGED from [androidx.lifecycle:lifecycle-viewmodel:2.3.1] AndroidManifest.xml:20:5-22:41
MERGED from [androidx.cardview:cardview:1.0.0] AndroidManifest.xml:20:5-44
MERGED from [androidx.cardview:cardview:1.0.0] AndroidManifest.xml:20:5-44
MERGED from [:library-datasource] AndroidManifest.xml:20:5-22:41
MERGED from [:library-datasource] AndroidManifest.xml:20:5-22:41
MERGED from [:library-extractor] AndroidManifest.xml:20:5-22:41
MERGED from [:library-extractor] AndroidManifest.xml:20:5-22:41
MERGED from [:library-decoder] AndroidManifest.xml:20:5-22:41
MERGED from [:library-decoder] AndroidManifest.xml:20:5-22:41
MERGED from [:library-database] AndroidManifest.xml:20:5-22:41
MERGED from [:library-database] AndroidManifest.xml:20:5-22:41
MERGED from [:library-common] AndroidManifest.xml:20:5-22:41
MERGED from [:library-common] AndroidManifest.xml:20:5-22:41
MERGED from [androidx.tracing:tracing:1.0.0] AndroidManifest.xml:20:5-22:41
MERGED from [androidx.tracing:tracing:1.0.0] AndroidManifest.xml:20:5-22:41
MERGED from [androidx.versionedparcelable:versionedparcelable:1.1.1] AndroidManifest.xml:20:5-22:41
MERGED from [androidx.versionedparcelable:versionedparcelable:1.1.1] AndroidManifest.xml:20:5-22:41
MERGED from [androidx.lifecycle:lifecycle-livedata:2.0.0] AndroidManifest.xml:20:5-44
MERGED from [androidx.lifecycle:lifecycle-livedata:2.0.0] AndroidManifest.xml:20:5-44
MERGED from [androidx.lifecycle:lifecycle-livedata-core:2.3.1] AndroidManifest.xml:20:5-22:41
MERGED from [androidx.lifecycle:lifecycle-livedata-core:2.3.1] AndroidManifest.xml:20:5-22:41
MERGED from [androidx.arch.core:core-runtime:2.1.0] AndroidManifest.xml:20:5-22:41
MERGED from [androidx.arch.core:core-runtime:2.1.0] AndroidManifest.xml:20:5-22:41
MERGED from [androidx.interpolator:interpolator:1.0.0] AndroidManifest.xml:20:5-44
MERGED from [androidx.interpolator:interpolator:1.0.0] AndroidManifest.xml:20:5-44
MERGED from [androidx.documentfile:documentfile:1.0.0] AndroidManifest.xml:20:5-44
MERGED from [androidx.documentfile:documentfile:1.0.0] AndroidManifest.xml:20:5-44
MERGED from [androidx.localbroadcastmanager:localbroadcastmanager:1.0.0] AndroidManifest.xml:20:5-44
MERGED from [androidx.localbroadcastmanager:localbroadcastmanager:1.0.0] AndroidManifest.xml:20:5-44
MERGED from [androidx.print:print:1.0.0] AndroidManifest.xml:20:5-44
MERGED from [androidx.print:print:1.0.0] AndroidManifest.xml:20:5-44
MERGED from [androidx.multidex:multidex:2.0.1] AndroidManifest.xml:20:5-43
MERGED from [androidx.multidex:multidex:2.0.1] AndroidManifest.xml:20:5-43
MERGED from [androidx.annotation:annotation-experimental:1.1.0] AndroidManifest.xml:20:5-22:41
MERGED from [androidx.annotation:annotation-experimental:1.1.0] AndroidManifest.xml:20:5-22:41
MERGED from [org.chromium.net:cronet-api:72.3626.96] AndroidManifest.xml:18:5-74
MERGED from [org.chromium.net:cronet-api:72.3626.96] AndroidManifest.xml:18:5-74
INJECTED from src/main/AndroidManifest.xml:29:3-14
INJECTED from src/main/AndroidManifest.xml:29:3-14
	tools:overrideLibrary
		ADDED from [:library-core] AndroidManifest.xml:24:9-49
	android:targetSdkVersion
		INJECTED from src/main/AndroidManifest.xml
		ADDED from src/main/AndroidManifest.xml:29:3-14
		INJECTED from src/main/AndroidManifest.xml
	android:minSdkVersion
		INJECTED from src/main/AndroidManifest.xml
		ADDED from src/main/AndroidManifest.xml:29:3-14
		INJECTED from src/main/AndroidManifest.xml
application
ADDED from src/main/AndroidManifest.xml:31:3-99:17
MERGED from [com.google.android.material:material:1.4.0] AndroidManifest.xml:22:5-20
MERGED from [com.google.android.material:material:1.4.0] AndroidManifest.xml:22:5-20
MERGED from [androidx.constraintlayout:constraintlayout:2.0.1] AndroidManifest.xml:9:5-20
MERGED from [androidx.constraintlayout:constraintlayout:2.0.1] AndroidManifest.xml:9:5-20
MERGED from [:extension-ima] AndroidManifest.xml:24:5-31:19
MERGED from [:extension-ima] AndroidManifest.xml:24:5-31:19
MERGED from [com.google.android.gms:play-services-cronet:18.0.1] AndroidManifest.xml:7:5-20
MERGED from [com.google.android.gms:play-services-cronet:18.0.1] AndroidManifest.xml:7:5-20
MERGED from [com.google.android.gms:play-services-appset:16.0.2] AndroidManifest.xml:7:5-20
MERGED from [com.google.android.gms:play-services-appset:16.0.2] AndroidManifest.xml:7:5-20
MERGED from [com.google.android.gms:play-services-base:18.0.1] AndroidManifest.xml:19:5-23:19
MERGED from [com.google.android.gms:play-services-base:18.0.1] AndroidManifest.xml:19:5-23:19
MERGED from [com.google.android.gms:play-services-tasks:18.0.1] AndroidManifest.xml:5:5-20
MERGED from [com.google.android.gms:play-services-tasks:18.0.1] AndroidManifest.xml:5:5-20
MERGED from [com.google.android.gms:play-services-ads-identifier:18.0.1] AndroidManifest.xml:25:5-20
MERGED from [com.google.android.gms:play-services-ads-identifier:18.0.1] AndroidManifest.xml:25:5-20
MERGED from [com.google.android.gms:play-services-basement:18.0.0] AndroidManifest.xml:20:5-24:19
MERGED from [com.google.android.gms:play-services-basement:18.0.0] AndroidManifest.xml:20:5-24:19
MERGED from [androidx.core:core:1.7.0] AndroidManifest.xml:24:5-89
MERGED from [androidx.core:core:1.7.0] AndroidManifest.xml:24:5-89
MERGED from [androidx.versionedparcelable:versionedparcelable:1.1.1] AndroidManifest.xml:24:5-25:19
MERGED from [androidx.versionedparcelable:versionedparcelable:1.1.1] AndroidManifest.xml:24:5-25:19
	android:requestLegacyExternalStorage
		ADDED from src/main/AndroidManifest.xml:37:7-50
	android:appComponentFactory
		ADDED from [androidx.core:core:1.7.0] AndroidManifest.xml:24:18-86
	android:label
		ADDED from src/main/AndroidManifest.xml:32:7-47
	tools:targetApi
		ADDED from src/main/AndroidManifest.xml:39:7-27
	android:largeHeap
		ADDED from src/main/AndroidManifest.xml:35:7-31
	android:icon
		ADDED from src/main/AndroidManifest.xml:33:7-41
	android:allowBackup
		ADDED from src/main/AndroidManifest.xml:36:7-34
	android:banner
		ADDED from src/main/AndroidManifest.xml:34:7-43
	android:name
		ADDED from src/main/AndroidManifest.xml:38:7-59
activity#com.google.android.exoplayer2.demo.SampleChooserActivity
ADDED from src/main/AndroidManifest.xml:41:5-63:16
	android:label
		ADDED from src/main/AndroidManifest.xml:43:9-49
	android:exported
		ADDED from src/main/AndroidManifest.xml:45:9-32
	android:configChanges
		ADDED from src/main/AndroidManifest.xml:42:9-47
	android:theme
		ADDED from src/main/AndroidManifest.xml:44:9-47
	android:name
		ADDED from src/main/AndroidManifest.xml:41:15-52
intent-filter#action:name:android.intent.action.MAIN+category:name:android.intent.category.LAUNCHER+category:name:android.intent.category.LEANBACK_LAUNCHER
ADDED from src/main/AndroidManifest.xml:46:7-50:23
action#android.intent.action.MAIN
ADDED from src/main/AndroidManifest.xml:47:9-60
	android:name
		ADDED from src/main/AndroidManifest.xml:47:17-58
category#android.intent.category.LAUNCHER
ADDED from src/main/AndroidManifest.xml:48:9-68
	android:name
		ADDED from src/main/AndroidManifest.xml:48:19-66
category#android.intent.category.LEANBACK_LAUNCHER
ADDED from src/main/AndroidManifest.xml:49:9-77
	android:name
		ADDED from src/main/AndroidManifest.xml:49:19-75
intent-filter#action:name:android.intent.action.VIEW+category:name:android.intent.category.BROWSABLE+category:name:android.intent.category.DEFAULT+data:host:*+data:pathPattern:.*\\.exolist\\.json+data:scheme:asset+data:scheme:content+data:scheme:file+data:scheme:http+data:scheme:https
ADDED from src/main/AndroidManifest.xml:51:7-62:23
action#android.intent.action.VIEW
ADDED from src/main/AndroidManifest.xml:52:9-60
	android:name
		ADDED from src/main/AndroidManifest.xml:52:17-58
category#android.intent.category.DEFAULT
ADDED from src/main/AndroidManifest.xml:53:9-67
	android:name
		ADDED from src/main/AndroidManifest.xml:53:19-65
category#android.intent.category.BROWSABLE
ADDED from src/main/AndroidManifest.xml:54:9-69
	android:name
		ADDED from src/main/AndroidManifest.xml:54:19-67
data
ADDED from src/main/AndroidManifest.xml:55:9-38
	android:host
		ADDED from src/main/AndroidManifest.xml:60:15-31
	android:scheme
		ADDED from src/main/AndroidManifest.xml:55:15-36
	android:pathPattern
		ADDED from src/main/AndroidManifest.xml:61:15-56
activity#com.google.android.exoplayer2.demo.PlayerActivity
ADDED from src/main/AndroidManifest.xml:65:5-85:16
	android:label
		ADDED from src/main/AndroidManifest.xml:68:9-49
	android:launchMode
		ADDED from src/main/AndroidManifest.xml:67:9-39
	android:exported
		ADDED from src/main/AndroidManifest.xml:70:9-32
	android:configChanges
		ADDED from src/main/AndroidManifest.xml:66:9-118
	android:theme
		ADDED from src/main/AndroidManifest.xml:69:9-43
	android:name
		ADDED from src/main/AndroidManifest.xml:65:15-45
intent-filter#action:name:com.google.android.exoplayer.demo.action.VIEW+category:name:android.intent.category.DEFAULT+data:scheme:asset+data:scheme:content+data:scheme:file+data:scheme:http+data:scheme:https+data:scheme:ssai
ADDED from src/main/AndroidManifest.xml:71:7-80:23
action#com.google.android.exoplayer.demo.action.VIEW
ADDED from src/main/AndroidManifest.xml:72:9-79
	android:name
		ADDED from src/main/AndroidManifest.xml:72:17-77
intent-filter#action:name:com.google.android.exoplayer.demo.action.VIEW_LIST+category:name:android.intent.category.DEFAULT
ADDED from src/main/AndroidManifest.xml:81:7-84:23
action#com.google.android.exoplayer.demo.action.VIEW_LIST
ADDED from src/main/AndroidManifest.xml:82:9-84
	android:name
		ADDED from src/main/AndroidManifest.xml:82:17-82
service#com.google.android.exoplayer2.demo.DemoDownloadService
ADDED from src/main/AndroidManifest.xml:87:5-93:15
	android:exported
		ADDED from src/main/AndroidManifest.xml:88:9-33
	android:name
		ADDED from src/main/AndroidManifest.xml:87:14-49
intent-filter#action:name:com.google.android.exoplayer.downloadService.action.RESTART+category:name:android.intent.category.DEFAULT
ADDED from src/main/AndroidManifest.xml:89:7-92:23
action#com.google.android.exoplayer.downloadService.action.RESTART
ADDED from src/main/AndroidManifest.xml:90:9-93
	android:name
		ADDED from src/main/AndroidManifest.xml:90:17-91
service#com.google.android.exoplayer2.scheduler.PlatformScheduler$PlatformSchedulerService
ADDED from src/main/AndroidManifest.xml:95:5-97:34
	android:exported
		ADDED from src/main/AndroidManifest.xml:97:9-32
	android:permission
		ADDED from src/main/AndroidManifest.xml:96:9-65
	android:name
		ADDED from src/main/AndroidManifest.xml:95:14-111
meta-data#com.google.android.gms.ads.AD_MANAGER_APP
ADDED from [:extension-ima] AndroidManifest.xml:25:9-27:36
	android:value
		ADDED from [:extension-ima] AndroidManifest.xml:27:13-33
	android:name
		ADDED from [:extension-ima] AndroidManifest.xml:26:13-69
meta-data#com.google.android.gms.version
ADDED from [:extension-ima] AndroidManifest.xml:28:9-30:69
MERGED from [com.google.android.gms:play-services-basement:18.0.0] AndroidManifest.xml:21:9-23:69
MERGED from [com.google.android.gms:play-services-basement:18.0.0] AndroidManifest.xml:21:9-23:69
	android:value
		ADDED from [:extension-ima] AndroidManifest.xml:30:13-66
	android:name
		ADDED from [:extension-ima] AndroidManifest.xml:29:13-58
activity#com.google.android.gms.common.api.GoogleApiActivity
ADDED from [com.google.android.gms:play-services-base:18.0.1] AndroidManifest.xml:20:9-22:45
	android:exported
		ADDED from [com.google.android.gms:play-services-base:18.0.1] AndroidManifest.xml:22:19-43
	android:theme
		ADDED from [com.google.android.gms:play-services-base:18.0.1] AndroidManifest.xml:21:19-78
	android:name
		ADDED from [com.google.android.gms:play-services-base:18.0.1] AndroidManifest.xml:20:19-85
uses-permission#com.google.android.gms.permission.AD_ID
ADDED from [com.google.android.gms:play-services-ads-identifier:18.0.1] AndroidManifest.xml:23:5-79
	android:name
		ADDED from [com.google.android.gms:play-services-ads-identifier:18.0.1] AndroidManifest.xml:23:22-76